<?xml version="1.0" encoding="UTF-8"?>
<coverage generated="1587583621688" clover="3.2.0">
  <project timestamp="1587583621688" name="All files">
    <metrics statements="30" coveredstatements="30" conditionals="14" coveredconditionals="14" methods="5" coveredmethods="5" elements="49" coveredelements="49" complexity="0" loc="30" ncloc="30" packages="1" files="1" classes="1">
      <file name="index.js" path="/home/rafael/dev/reactjs-githubapp/webpack/src/utils/pagination/index.js">
        <metrics statements="30" coveredstatements="30" conditionals="14" coveredconditionals="14" methods="5" coveredmethods="5"/>
        <line num="3" count="1" type="stmt"/>
        <line num="4" count="36" type="stmt"/>
        <line num="5" count="6" type="stmt"/>
        <line num="8" count="30" type="stmt"/>
        <line num="9" count="3" type="stmt"/>
        <line num="11" count="27" type="stmt"/>
        <line num="14" count="1" type="stmt"/>
        <line num="15" count="15" type="stmt"/>
        <line num="16" count="8" type="stmt"/>
        <line num="19" count="12" type="stmt"/>
        <line num="21" count="12" type="stmt"/>
        <line num="23" count="36" type="stmt"/>
        <line num="27" count="60" type="stmt"/>
        <line num="29" count="12" type="stmt"/>
        <line num="30" count="12" type="stmt"/>
        <line num="32" count="12" type="stmt"/>
        <line num="33" count="2" type="stmt"/>
        <line num="40" count="12" type="stmt"/>
        <line num="41" count="12" type="stmt"/>
        <line num="43" count="12" type="stmt"/>
        <line num="44" count="5" type="stmt"/>
        <line num="52" count="12" type="stmt"/>
        <line num="53" count="12" type="stmt"/>
        <line num="55" count="12" type="stmt"/>
        <line num="56" count="2" type="stmt"/>
        <line num="63" count="12" type="stmt"/>
        <line num="64" count="12" type="stmt"/>
        <line num="66" count="12" type="stmt"/>
        <line num="67" count="5" type="stmt"/>
        <line num="74" count="12" type="stmt"/>
      </file>
    </metrics>
  </project>
</coverage>
