{"/home/rafael/dev/reactjs-githubapp/webpack/src/utils/pagination/index.js": {"path":"/home/rafael/dev/reactjs-githubapp/webpack/src/utils/pagination/index.js","statementMap":{"0":{"start":{"line":3,"column":19},"end":{"line":12,"column":1}},"1":{"start":{"line":4,"column":4},"end":{"line":6,"column":5}},"2":{"start":{"line":5,"column":8},"end":{"line":5,"column":16}},"3":{"start":{"line":8,"column":4},"end":{"line":10,"column":5}},"4":{"start":{"line":9,"column":8},"end":{"line":9,"column":29}},"5":{"start":{"line":11,"column":4},"end":{"line":11,"column":25}},"6":{"start":{"line":14,"column":19},"end":{"line":83,"column":1}},"7":{"start":{"line":15,"column":4},"end":{"line":17,"column":5}},"8":{"start":{"line":16,"column":8},"end":{"line":16,"column":55}},"9":{"start":{"line":19,"column":4},"end":{"line":21,"column":5}},"10":{"start":{"line":20,"column":8},"end":{"line":20,"column":60}},"11":{"start":{"line":23,"column":4},"end":{"line":25,"column":5}},"12":{"start":{"line":24,"column":8},"end":{"line":24,"column":61}},"13":{"start":{"line":24,"column":55},"end":{"line":24,"column":60}},"14":{"start":{"line":27,"column":25},"end":{"line":27,"column":26}},"15":{"start":{"line":29,"column":16},"end":{"line":33,"column":5}},"16":{"start":{"line":31,"column":58},"end":{"line":31,"column":95}},"17":{"start":{"line":35,"column":4},"end":{"line":35,"column":79}},"18":{"start":{"line":35,"column":49},"end":{"line":35,"column":78}},"19":{"start":{"line":37,"column":20},"end":{"line":37,"column":28}},"20":{"start":{"line":38,"column":21},"end":{"line":38,"column":29}},"21":{"start":{"line":40,"column":4},"end":{"line":46,"column":5}},"22":{"start":{"line":41,"column":8},"end":{"line":45,"column":9}},"23":{"start":{"line":48,"column":4},"end":{"line":48,"column":24}},"24":{"start":{"line":49,"column":4},"end":{"line":49,"column":25}},"25":{"start":{"line":51,"column":4},"end":{"line":57,"column":5}},"26":{"start":{"line":52,"column":8},"end":{"line":56,"column":9}},"27":{"start":{"line":60,"column":26},"end":{"line":60,"column":49}},"28":{"start":{"line":61,"column":19},"end":{"line":61,"column":42}},"29":{"start":{"line":63,"column":4},"end":{"line":69,"column":5}},"30":{"start":{"line":64,"column":8},"end":{"line":68,"column":9}},"31":{"start":{"line":71,"column":4},"end":{"line":71,"column":45}},"32":{"start":{"line":72,"column":4},"end":{"line":72,"column":38}},"33":{"start":{"line":74,"column":4},"end":{"line":80,"column":5}},"34":{"start":{"line":75,"column":8},"end":{"line":79,"column":9}},"35":{"start":{"line":82,"column":4},"end":{"line":82,"column":16}}},"fnMap":{"0":{"name":"(anonymous_0)","decl":{"start":{"line":3,"column":19},"end":{"line":3,"column":20}},"loc":{"start":{"line":3,"column":45},"end":{"line":12,"column":1}}},"1":{"name":"(anonymous_1)","decl":{"start":{"line":14,"column":19},"end":{"line":14,"column":20}},"loc":{"start":{"line":14,"column":60},"end":{"line":83,"column":1}}},"2":{"name":"(anonymous_2)","decl":{"start":{"line":24,"column":45},"end":{"line":24,"column":46}},"loc":{"start":{"line":24,"column":55},"end":{"line":24,"column":60}}},"3":{"name":"(anonymous_3)","decl":{"start":{"line":31,"column":48},"end":{"line":31,"column":49}},"loc":{"start":{"line":31,"column":58},"end":{"line":31,"column":95}}},"4":{"name":"(anonymous_4)","decl":{"start":{"line":35,"column":25},"end":{"line":35,"column":26}},"loc":{"start":{"line":35,"column":49},"end":{"line":35,"column":78}}}},"branchMap":{"0":{"loc":{"start":{"line":4,"column":4},"end":{"line":6,"column":5}},"type":"if","locations":[{"start":{"line":4,"column":4},"end":{"line":6,"column":5}},{"start":{"line":4,"column":4},"end":{"line":6,"column":5}}]},"1":{"loc":{"start":{"line":8,"column":4},"end":{"line":10,"column":5}},"type":"if","locations":[{"start":{"line":8,"column":4},"end":{"line":10,"column":5}},{"start":{"line":8,"column":4},"end":{"line":10,"column":5}}]},"2":{"loc":{"start":{"line":14,"column":20},"end":{"line":14,"column":55}},"type":"default-arg","locations":[{"start":{"line":14,"column":52},"end":{"line":14,"column":55}}]},"3":{"loc":{"start":{"line":14,"column":22},"end":{"line":14,"column":31}},"type":"default-arg","locations":[{"start":{"line":14,"column":30},"end":{"line":14,"column":31}}]},"4":{"loc":{"start":{"line":14,"column":33},"end":{"line":14,"column":47}},"type":"default-arg","locations":[{"start":{"line":14,"column":46},"end":{"line":14,"column":47}}]},"5":{"loc":{"start":{"line":15,"column":4},"end":{"line":17,"column":5}},"type":"if","locations":[{"start":{"line":15,"column":4},"end":{"line":17,"column":5}},{"start":{"line":15,"column":4},"end":{"line":17,"column":5}}]},"6":{"loc":{"start":{"line":19,"column":4},"end":{"line":21,"column":5}},"type":"if","locations":[{"start":{"line":19,"column":4},"end":{"line":21,"column":5}},{"start":{"line":19,"column":4},"end":{"line":21,"column":5}}]},"7":{"loc":{"start":{"line":23,"column":4},"end":{"line":25,"column":5}},"type":"if","locations":[{"start":{"line":23,"column":4},"end":{"line":25,"column":5}},{"start":{"line":23,"column":4},"end":{"line":25,"column":5}}]},"8":{"loc":{"start":{"line":40,"column":4},"end":{"line":46,"column":5}},"type":"if","locations":[{"start":{"line":40,"column":4},"end":{"line":46,"column":5}},{"start":{"line":40,"column":4},"end":{"line":46,"column":5}}]},"9":{"loc":{"start":{"line":51,"column":4},"end":{"line":57,"column":5}},"type":"if","locations":[{"start":{"line":51,"column":4},"end":{"line":57,"column":5}},{"start":{"line":51,"column":4},"end":{"line":57,"column":5}}]},"10":{"loc":{"start":{"line":63,"column":4},"end":{"line":69,"column":5}},"type":"if","locations":[{"start":{"line":63,"column":4},"end":{"line":69,"column":5}},{"start":{"line":63,"column":4},"end":{"line":69,"column":5}}]},"11":{"loc":{"start":{"line":74,"column":4},"end":{"line":80,"column":5}},"type":"if","locations":[{"start":{"line":74,"column":4},"end":{"line":80,"column":5}},{"start":{"line":74,"column":4},"end":{"line":80,"column":5}}]}},"s":{"0":1,"1":39,"2":9,"3":30,"4":3,"5":27,"6":1,"7":20,"8":1,"9":19,"10":1,"11":18,"12":5,"13":10,"14":13,"15":13,"16":39,"17":13,"18":65,"19":13,"20":13,"21":13,"22":2,"23":13,"24":13,"25":13,"26":5,"27":13,"28":13,"29":13,"30":2,"31":13,"32":13,"33":13,"34":6,"35":13},"f":{"0":39,"1":20,"2":10,"3":39,"4":65},"b":{"0":[9,30],"1":[3,27],"2":[1],"3":[2],"4":[3],"5":[1,19],"6":[1,18],"7":[5,13],"8":[2,11],"9":[5,8],"10":[2,11],"11":[6,7]},"_coverageSchema":"332fd63041d2c1bcb487cc26dd0d5f7d97098a6c","hash":"6c29234d4107fc471c7665745f82458a71f1ddd3"}
}
