TN:
SF:/home/rafael/dev/reactjs-githubapp/webpack/src/utils/pagination/index.js
FN:3,(anonymous_0)
FN:10,(anonymous_1)
FN:12,(anonymous_2)
FN:22,(anonymous_3)
FN:29,(anonymous_4)
FN:33,(anonymous_5)
FNF:6
FNH:6
FNDA:39,(anonymous_0)
FNDA:39,(anonymous_1)
FNDA:20,(anonymous_2)
FNDA:10,(anonymous_3)
FNDA:39,(anonymous_4)
FNDA:65,(anonymous_5)
DA:3,1
DA:4,39
DA:10,39
DA:12,1
DA:13,20
DA:14,1
DA:17,19
DA:18,1
DA:21,18
DA:22,10
DA:25,13
DA:27,13
DA:29,39
DA:33,65
DA:35,13
DA:36,13
DA:38,13
DA:39,2
DA:46,13
DA:47,13
DA:49,13
DA:50,5
DA:58,13
DA:59,13
DA:61,13
DA:62,2
DA:69,13
DA:70,13
DA:72,13
DA:73,6
DA:80,13
LF:31
LH:31
BRDA:4,0,0,9
BRDA:4,0,1,30
BRDA:5,1,0,3
BRDA:5,1,1,27
BRDA:12,2,0,1
BRDA:12,3,0,2
BRDA:12,4,0,3
BRDA:13,5,0,1
BRDA:13,5,1,19
BRDA:17,6,0,1
BRDA:17,6,1,18
BRDA:21,7,0,5
BRDA:21,7,1,13
BRDA:38,8,0,2
BRDA:38,8,1,11
BRDA:49,9,0,5
BRDA:49,9,1,8
BRDA:61,10,0,2
BRDA:61,10,1,11
BRDA:72,11,0,6
BRDA:72,11,1,7
BRF:21
BRH:21
end_of_record
