TN:
SF:/home/rafael/dev/reactjs-githubapp/webpack/src/utils/pagination/index.js
FN:3,(anonymous_0)
FN:14,(anonymous_1)
FN:16,(anonymous_2)
FN:23,(anonymous_3)
FN:27,(anonymous_4)
FNF:5
FNH:5
FNDA:36,(anonymous_0)
FNDA:15,(anonymous_1)
FNDA:8,(anonymous_2)
FNDA:36,(anonymous_3)
FNDA:60,(anonymous_4)
DA:3,1
DA:4,36
DA:5,6
DA:8,30
DA:9,3
DA:11,27
DA:14,1
DA:15,15
DA:16,8
DA:19,12
DA:21,12
DA:23,36
DA:27,60
DA:29,12
DA:30,12
DA:32,12
DA:33,2
DA:40,12
DA:41,12
DA:43,12
DA:44,5
DA:52,12
DA:53,12
DA:55,12
DA:56,2
DA:63,12
DA:64,12
DA:66,12
DA:67,5
DA:74,12
LF:30
LH:30
BRDA:4,0,0,6
BRDA:4,0,1,30
BRDA:8,1,0,3
BRDA:8,1,1,27
BRDA:15,2,0,3
BRDA:15,2,1,12
BRDA:32,3,0,2
BRDA:32,3,1,10
BRDA:43,4,0,5
BRDA:43,4,1,7
BRDA:55,5,0,2
BRDA:55,5,1,10
BRDA:66,6,0,5
BRDA:66,6,1,7
BRF:14
BRH:14
end_of_record
